1172502739
1172503387
1172504347
1172505307
1172506266
1172507226
1172508186
1172509138
1172510098
1172511058
1172512018
1172512978
1172513938
1172514898
1172515854
1172516814
1172517774
1172518737
1172519697
1172520657
1172521618
1172522578
1172523538
1172524495
1172525455
1172526415
1172527381
1172528341
1172529301
1172530261
1172531215
1172532175
1172533135
1172534100
1172535060
1172536020
1172536984
1172537944
1172538904
1172539855
1172540815
1172541775
1172542738
1172543698
1172544658
1172545618
1172546575
1172547535
1172548495
1172549459
1172550419
1172551379
1172552336
1172553296
1172554256
1172555213
1172556173
1172557133
1172558101
1172559061
1172560021
1172560981
1172561935
1172562895
1172563855
1172564820
1172565780
1172566740
1172567703
1172568663
1172569623
1172570575
1172571535
1172572495
1172573460
1172574420
1172575380
1172576340
1172577294
1172578254
1172579214
1172580180
1172581140
1172582100
1172583056
1172584016
1172584976
1172585934
1172586894
1172587854
1172588820
1172589780
1172590740
1172591700
1172592654
1172593614
1172594574
1172595540
1172596500
1172597460
1172598424
1172599384
1172600344
1172601294
1172602254
1172603214
1172604179
1172605139
1172606099
1172607059
1172608014
1172608974
1172609934
1172610900
1172611860
1172612820
1172613775
1172614735
1172615695
1172616654
1172617614
1172618574
1172619541
1172620501
1172621461
1172622421
1172623375
1172624335
1172625295
1172626259
1172627219
1172628179
1172629144
1172630104
1172631064
1172632015
1172632975
1172633935
1172634901
1172635861
1172636821
1172637781
1172638733
1172639693
1172640653
1172641620
1172642580
1172643540
1172644497
1172645457
1172646417
1172647374
1172648334
1172649294
1172650260
1172651220
1172652180
1172653140
1172654093
1172655053
1172656013
1172656981
1172657941
1172658901
1172659864
1172660824
1172661784
1172662733
1172663693
1172664653
1172665619
1172666579
1172667539
1172668499
1172669455
1172670415
1172671375
1172672340
1172673300
1172674260
1172675217
1172676177
1172677137
1172678094
1172679054
1172680014
1172680980
1172681940
1172682900
1172683860
1172684814
1172685774
1172686734
1172687698
1172688658
1172689618
1172690583
1172691543
1172692503
1172693454
1172694414
1172695374
1172696339
1172697299
1172698259
1172699219
1172700174
1172701134
1172702094
1172703060
1172704020
1172704980
1172705936
1172706896
1172707856
1172708814
1172709774
1172710734
1172711700
1172712660
1172713620
1172714580
1172715534
1172716494
1172717454
1172718418
1172719378
1172720338
1172721304
1172722264
1172723224
1172724174
1172725134
1172726094
1172727058
1172728018
1172728978
1172729938
1172730895
1172731855
1172732815
1172733778
1172734738
1172735698
1172736657
1172737617
1172738577
1172739534
1172740494
1172741454
1172742420
1172743380
1172744340
1172745300
1172746254
1172747214
1172748174
1172749140
1172750100
1172751060
1172752024
1172752984
1172753944
1172754895
1172755855
1172756815
1172757778
1172758738
1172759698
1172760658
1172761614
1172762574
1172763534
1172764500
1172765460
1172766420
1172767377
1172768337
1172769297
1172770254
1172771214
1172772174
1172773140
1172774100
1172775060
1172776020
1172776974
1172777934
1172778894
1172779861
1172780821
1172781781
1172782743
1172783703
1172784663
1172785614
1172786574
1172787534
1172788499
1172789459
1172790419
1172791379
1172792337
1172793297
1172794257
1172795220
1172796180
1172797140
1172798097
1172799057
1172800017
1172800973
1172801933
1172802893
1172803860
1172804820
1172805780
1172806740
1172807694
1172808654
1172809614
1172810581
1172811541
1172812501
1172813464
1172814424
1172815384
1172816334
1172817294
1172818254
1172819220
1172820180
1172821140
1172822100
1172823057
1172824017
1172824977
1172825940
1172826900
1172827860
1172828817
1172829777
1172830737
1172831694
1172832654
1172833614
1172834579
1172835539
1172836499
1172837459
1172838414
1172839374
1172840334
1172841300
1172842260
1172843220
1172844184
1172845144
1172846104
1172847055
1172848015
1172848975
1172849940
1172850900
1172851860
1172852820
1172853774
1172854734
1172855694
1172856660
1172857620
1172858580
1172859537
1172860497
1172861457
1172862415
1172863375
1172864335
1172865301
1172866261
1172867221
1172868181
1172869135
1172870095
1172871055
1172872021
1172872981
1172873941
1172874904
1172875864
1172876824
1172877774
1172878734
1172879694
1172880660
1172881620
1172882580
1172883540
1172884494
1172885454
1172886414
1172887380
1172888340
1172889300
1172890257
1172891217
1172892177
1172893136
1172894096
1172895056
1172896020
1172896980
1172897940
1172898900
1172899855
1172900815
1172901775
1172902738
1172903698
1172904658
1172905623
1172906583
1172907543
1172908494
1172909454
1172910414
1172911380
1172912340
1172913300
1172914260
1172915214
1172916174
1172917134
1172918101
1172919061
1172920021
1172920977
1172921937
1172922897
1172923854
1172924814
1172925774
1172926739
1172927699
1172928659
1172929619
1172930574
1172931534
1172932494
1172933460
1172934420
1172935380
1172936343
1172937303
1172938263
1172939214
1172940174
1172941134
1172942100
1172943060
1172944020
1172944980
1172945933
1172946893
1172947853
1172948819
1172949779
1172950739
1172951697
1172952657
1172953617
1172954575
1172955535
1172956495
1172957460
1172958420
1172959380
1172960340
1172961294
1172962254
1172963214
1172964180
1172965140
1172966100
1172967064
1172968024
1172968984
1172969934
1172970894
1172971854
1172972819
1172973779
1172974739
1172975699
1172976654
1172977614
1172978574
1172979538
1172980498
1172981458
1172982418
1172983378
1172984338
1172985294
1172986254
1172987214
1172988180
1172989140
1172990100
1172991060
1172992014
1172992974
1172993934
1172994899
1172995859
1172996819
1172997782
1172998742
1172999702
1173000654
1173001614
1173002574
1173003540
1173004500
1173005460
1173006420
1173007374
1173008334
1173009294
1173010259
1173011219
1173012179
1173013137
1173014097
1173015057
1173016017
1173016977
1173017937
1173018900
1173019860
1173020820
1173021780
1173022734
1173023694
1173024654
1173025620
1173026580
1173027540
1173028505
1173029465
1173030425
1173031374
1173032334
1173033294
1173034260
1173035220
1173036180
1173037140
1173038096
1173039056
1173040016
1173040981
1173041941
1173042901
1173043857
1173044817
1173045777
1173046733
1173047693
1173048653
1173049620
1173050580
1173051540
1173052500
1173053454
1173054414
1173055374
1173056341
1173057301
1173058261
1173059225
1173060185
1173061145
1173062095
1173063055
1173064015
1173064980
1173065940
1173066900
1173067860
1173068814
1173069774
1173070734
1173071697
1173072657
1173073617
1173074578
1173075538
1173076498
1173077454
1173078414
1173079374
1173080337
1173081297
1173082257
1173083217
1173084175
1173085135
1173086095
1173087060
1173088020
1173088980
1173089945
1173090905
1173091865
1173092814
1173093774
1173094734
1173095700
1173096660
